Using pre-set license
Built from '2021.2/staging' branch; Version is '2021.2.5f1 (4ec9a5e799f5) revision 5163429'; Using compiler version '192829333'; Build Type 'Release'
OS: 'Windows 10  (10.0.19044) 64bit Core' Language: 'en' Physical Memory: 16169 MB
BatchMode: 1, IsHumanControllingUs: 0, StartBugReporterOnCrash: 0, Is64bit: 1, IsPro: 0

COMMAND LINE ARGUMENTS:
C:\Program Files\Unity\Hub\Editor\2021.2.5f1\Editor\Unity.exe
-adb2
-batchMode
-noUpm
-name
AssetImportWorker4
-projectPath
C:/Users/joeyd/Desktop/MyStuff/School/Repos/Release/GDW-Game
-logFile
Logs/AssetImportWorker4.log
-srvPort
63638
Successfully changed project path to: C:/Users/joeyd/Desktop/MyStuff/School/Repos/Release/GDW-Game
C:/Users/joeyd/Desktop/MyStuff/School/Repos/Release/GDW-Game
[UnityMemory] Configuration Parameters - Can be set up in boot.config
    "memorysetup-bucket-allocator-granularity=16"
    "memorysetup-bucket-allocator-bucket-count=8"
    "memorysetup-bucket-allocator-block-size=33554432"
    "memorysetup-bucket-allocator-block-count=8"
    "memorysetup-main-allocator-block-size=16777216"
    "memorysetup-thread-allocator-block-size=16777216"
    "memorysetup-gfx-main-allocator-block-size=16777216"
    "memorysetup-gfx-thread-allocator-block-size=16777216"
    "memorysetup-cache-allocator-block-size=4194304"
    "memorysetup-typetree-allocator-block-size=2097152"
    "memorysetup-profiler-bucket-allocator-granularity=16"
    "memorysetup-profiler-bucket-allocator-bucket-count=8"
    "memorysetup-profiler-bucket-allocator-block-size=33554432"
    "memorysetup-profiler-bucket-allocator-block-count=8"
    "memorysetup-profiler-allocator-block-size=16777216"
    "memorysetup-profiler-editor-allocator-block-size=1048576"
    "memorysetup-temp-allocator-size-main=16777216"
    "memorysetup-job-temp-allocator-block-size=2097152"
    "memorysetup-job-temp-allocator-block-size-background=1048576"
    "memorysetup-job-temp-allocator-reduction-small-platforms=262144"
    "memorysetup-temp-allocator-size-background-worker=32768"
    "memorysetup-temp-allocator-size-job-worker=262144"
    "memorysetup-temp-allocator-size-preload-manager=33554432"
    "memorysetup-temp-allocator-size-nav-mesh-worker=65536"
    "memorysetup-temp-allocator-size-audio-worker=65536"
    "memorysetup-temp-allocator-size-cloud-worker=32768"
    "memorysetup-temp-allocator-size-gi-baking-worker=262144"
    "memorysetup-temp-allocator-size-gfx=262144"
Refreshing native plugins compatible for Editor in 81.67 ms, found 4 plugins.
Preloading 0 native plugins for Editor in 0.00 ms.
Initialize engine version: 2021.2.5f1 (4ec9a5e799f5)
[Subsystems] Discovering subsystems at path C:/Program Files/Unity/Hub/Editor/2021.2.5f1/Editor/Data/Resources/UnitySubsystems
[Subsystems] Discovering subsystems at path C:/Users/joeyd/Desktop/MyStuff/School/Repos/Release/GDW-Game/Assets
GfxDevice: creating device client; threaded=0; jobified=0
Direct3D:
    Version:  Direct3D 11.0 [level 11.1]
    Renderer: NVIDIA GeForce GTX 1650 Ti (ID=0x1f95)
    Vendor:   NVIDIA
    VRAM:     3962 MB
    Driver:   30.0.14.9649
Initialize mono
Mono path[0] = 'C:/Program Files/Unity/Hub/Editor/2021.2.5f1/Editor/Data/Managed'
Mono path[1] = 'C:/Program Files/Unity/Hub/Editor/2021.2.5f1/Editor/Data/MonoBleedingEdge/lib/mono/unityjit-win32'
Mono config path = 'C:/Program Files/Unity/Hub/Editor/2021.2.5f1/Editor/Data/MonoBleedingEdge/etc'
Using monoOptions --debugger-agent=transport=dt_socket,embedding=1,server=y,suspend=n,address=127.0.0.1:56488
Begin MonoManager ReloadAssembly
Registering precompiled unity dll's ...
Register platform support module: C:/Program Files/Unity/Hub/Editor/2021.2.5f1/Editor/Data/PlaybackEngines/WebGLSupport/UnityEditor.WebGL.Extensions.dll
Register platform support module: C:/Program Files/Unity/Hub/Editor/2021.2.5f1/Editor/Data/PlaybackEngines/WindowsStandaloneSupport/UnityEditor.WindowsStandalone.Extensions.dll
Registered in 0.009863 seconds.
Native extension for WindowsStandalone target not found
Native extension for WebGL target not found
Refreshing native plugins compatible for Editor in 69.82 ms, found 4 plugins.
Preloading 0 native plugins for Editor in 0.00 ms.
Mono: successfully reloaded assembly
- Completed reload, in  0.620 seconds
Domain Reload Profiling:
	ReloadAssembly (620ms)
		BeginReloadAssembly (78ms)
			ExecutionOrderSort (0ms)
			DisableScriptedObjects (0ms)
			BackupInstance (0ms)
			ReleaseScriptingObjects (0ms)
			CreateAndSetChildDomain (1ms)
		EndReloadAssembly (464ms)
			LoadAssemblies (76ms)
			RebuildTransferFunctionScriptingTraits (0ms)
			SetupTypeCache (113ms)
			ReleaseScriptCaches (0ms)
			RebuildScriptCaches (26ms)
			SetupLoadedEditorAssemblies (267ms)
				LogAssemblyErrors (0ms)
				InitializePlatformSupportModulesInManaged (16ms)
				SetLoadedEditorAssemblies (0ms)
				RefreshPlugins (70ms)
				BeforeProcessingInitializeOnLoad (1ms)
				ProcessInitializeOnLoadAttributes (137ms)
				ProcessInitializeOnLoadMethodAttributes (42ms)
				AfterProcessingInitializeOnLoad (0ms)
				EditorAssembliesLoaded (0ms)
			ExecutionOrderSort2 (0ms)
			AwakeInstancesAfterBackupRestoration (0ms)
Platform modules already initialized, skipping
Registering precompiled user dll's ...
Registered in 0.011820 seconds.
Begin MonoManager ReloadAssembly
Symbol file LoadedFromMemory doesn't match image C:\Users\joeyd\Desktop\MyStuff\School\Repos\Release\GDW-Game\Library\PackageCache\com.unity.visualscripting@1.7.5\Editor\VisualScripting.Core\Dependencies\YamlDotNet\Unity.VisualScripting.YamlDotNet.dll
Symbol file LoadedFromMemory doesn't match image C:\Users\joeyd\Desktop\MyStuff\School\Repos\Release\GDW-Game\Library\PackageCache\com.unity.visualscripting@1.7.5\Editor\VisualScripting.Core\Dependencies\DotNetZip\Unity.VisualScripting.IonicZip.dll
Native extension for WindowsStandalone target not found
Native extension for WebGL target not found
Refreshing native plugins compatible for Editor in 0.59 ms, found 4 plugins.
Preloading 0 native plugins for Editor in 0.00 ms.
Mono: successfully reloaded assembly
- Completed reload, in  1.175 seconds
Domain Reload Profiling:
	ReloadAssembly (1176ms)
		BeginReloadAssembly (183ms)
			ExecutionOrderSort (0ms)
			DisableScriptedObjects (5ms)
			BackupInstance (0ms)
			ReleaseScriptingObjects (0ms)
			CreateAndSetChildDomain (23ms)
		EndReloadAssembly (854ms)
			LoadAssemblies (110ms)
			RebuildTransferFunctionScriptingTraits (0ms)
			SetupTypeCache (216ms)
			ReleaseScriptCaches (1ms)
			RebuildScriptCaches (52ms)
			SetupLoadedEditorAssemblies (394ms)
				LogAssemblyErrors (0ms)
				InitializePlatformSupportModulesInManaged (14ms)
				SetLoadedEditorAssemblies (0ms)
				RefreshPlugins (1ms)
				BeforeProcessingInitializeOnLoad (84ms)
				ProcessInitializeOnLoadAttributes (264ms)
				ProcessInitializeOnLoadMethodAttributes (21ms)
				AfterProcessingInitializeOnLoad (10ms)
				EditorAssembliesLoaded (0ms)
			ExecutionOrderSort2 (0ms)
			AwakeInstancesAfterBackupRestoration (5ms)
Platform modules already initialized, skipping
========================================================================
Worker process is ready to serve import requests
Launched and connected shader compiler UnityShaderCompiler.exe after 0.05 seconds
Refreshing native plugins compatible for Editor in 0.58 ms, found 4 plugins.
Preloading 0 native plugins for Editor in 0.00 ms.
Unloading 3539 Unused Serialized files (Serialized files now loaded: 0)
Unloading 44 unused Assets / (129.2 KB). Loaded Objects now: 3991.
Memory consumption went from 127.9 MB to 127.8 MB.
Total: 2.821300 ms (FindLiveObjects: 0.265100 ms CreateObjectMapping: 0.200200 ms MarkObjects: 2.275000 ms  DeleteObjects: 0.080100 ms)

AssetImportParameters requested are different than current active one (requested -> active):
  custom:video-decoder-ogg-theora: a1e56fd34408186e4bbccfd4996cb3dc -> 
  custom:container-muxer-webm: aa71ff27fc2769a1b78a27578f13a17b -> 
  custom:container-demuxer-webm: 4f35f7cbe854078d1ac9338744f61a02 -> 
  custom:video-encoder-webm-vp8: eb34c28f22e8b96e1ab97ce403110664 -> 
  custom:video-codec-MediaFoundation-h265: 746d11721c4dcdbdad8f713fa42b33f4 -> 
  custom:audio-encoder-webm-vorbis: bf7c407c2cedff20999df2af8eb42d56 -> 
  custom:framework-win-MediaFoundation: 216162199b28c13a410421893ffa2e32 -> 
  custom:container-demuxer-ogg: 62fdf1f143b41e24485cea50d1cbac27 -> 
  custom:video-decoder-webm-vp8: 9c59270c3fd7afecdb556c50c9e8de78 -> 
  custom:audio-decoder-ogg-vorbis: bf7c407c2cedff20999df2af8eb42d56 -> 
========================================================================
Received Import Request.
  Time since last request: 2237830.582511 seconds.
  path: Assets/Objects/Materials/Potions/purifyPot.mat
  artifactKey: Guid(5eba06457704d014d879e74c8772d6dc) Importer(815301076,1909f56bfc062723c751e8b465ee728b)
Start importing Assets/Objects/Materials/Potions/purifyPot.mat using Guid(5eba06457704d014d879e74c8772d6dc) Importer(815301076,1909f56bfc062723c751e8b465ee728b)  -> (artifact id: 'e1ff41ffeb1381d0d6ded4cc5de57b56') in 0.143574 seconds 
========================================================================
Received Import Request.
  Time since last request: 90.157055 seconds.
  path: Assets
  artifactKey: Guid(00000000000000001000000000000000) Importer(815301076,1909f56bfc062723c751e8b465ee728b)
Start importing Assets using Guid(00000000000000001000000000000000) Importer(815301076,1909f56bfc062723c751e8b465ee728b)  -> (artifact id: '79842766b460edbeab6a34051e857a80') in 0.003034 seconds 
========================================================================
Received Import Request.
  Time since last request: 77.917633 seconds.
  path: Assets/Objects/Textures/blood.png
  artifactKey: Guid(df7d59e350a9cac45b05d7bd2b2e7da2) Importer(815301076,1909f56bfc062723c751e8b465ee728b)
Start importing Assets/Objects/Textures/blood.png using Guid(df7d59e350a9cac45b05d7bd2b2e7da2) Importer(815301076,1909f56bfc062723c751e8b465ee728b)  -> (artifact id: '95ab4273a72082fdb7e8e0d27b6e0a38') in 0.026350 seconds 
========================================================================
Received Import Request.
  Time since last request: 296.442186 seconds.
  path: Assets/Objects/Materials/blood.mat
  artifactKey: Guid(7c24b9cb01f4d8d40ad1f41ff5109c27) Importer(815301076,1909f56bfc062723c751e8b465ee728b)
Start importing Assets/Objects/Materials/blood.mat using Guid(7c24b9cb01f4d8d40ad1f41ff5109c27) Importer(815301076,1909f56bfc062723c751e8b465ee728b)  -> (artifact id: 'cd00a2df86b306c92c85ae517dcdcc5e') in 0.014895 seconds 
========================================================================
Received Import Request.
  Time since last request: 14.929571 seconds.
  path: Assets/Objects/Materials/blood.mat
  artifactKey: Guid(7c24b9cb01f4d8d40ad1f41ff5109c27) Importer(815301076,1909f56bfc062723c751e8b465ee728b)
Start importing Assets/Objects/Materials/blood.mat using Guid(7c24b9cb01f4d8d40ad1f41ff5109c27) Importer(815301076,1909f56bfc062723c751e8b465ee728b)  -> (artifact id: '9428fdb81051e2eb89eee820996c3ef1') in 0.010825 seconds 
========================================================================
Received Import Request.
  Time since last request: 26.669733 seconds.
  path: Assets/Objects/Materials
  artifactKey: Guid(3f6bea58ee91dd24a8006890856a5bda) Importer(815301076,1909f56bfc062723c751e8b465ee728b)
Start importing Assets/Objects/Materials using Guid(3f6bea58ee91dd24a8006890856a5bda) Importer(815301076,1909f56bfc062723c751e8b465ee728b)  -> (artifact id: 'e3b3f0e966f0235fa92bbe0f074db7d2') in 0.002341 seconds 
========================================================================
Received Import Request.
  Time since last request: 9.118718 seconds.
  path: Assets/Objects/Materials/Particles
  artifactKey: Guid(18915ee58f9f8994abe43b572fba55a4) Importer(815301076,1909f56bfc062723c751e8b465ee728b)
Start importing Assets/Objects/Materials/Particles using Guid(18915ee58f9f8994abe43b572fba55a4) Importer(815301076,1909f56bfc062723c751e8b465ee728b)  -> (artifact id: '4f6489cd55a7cea2f1b9d27572c48283') in 0.001862 seconds 
========================================================================
Received Import Request.
  Time since last request: 11.817745 seconds.
  path: Assets/Objects/Materials/Particles/New Material.mat
  artifactKey: Guid(94ffa5a0d25ab9848b82ad42e41a8679) Importer(815301076,1909f56bfc062723c751e8b465ee728b)
Start importing Assets/Objects/Materials/Particles/New Material.mat using Guid(94ffa5a0d25ab9848b82ad42e41a8679) Importer(815301076,1909f56bfc062723c751e8b465ee728b)  -> (artifact id: '5219808ed6dd5562b20542ac027b57a0') in 0.010591 seconds 
========================================================================
Received Import Request.
  Time since last request: 85.390368 seconds.
  path: Assets/Objects/Materials/Particles/blood.png
  artifactKey: Guid(df7d59e350a9cac45b05d7bd2b2e7da2) Importer(815301076,1909f56bfc062723c751e8b465ee728b)
Start importing Assets/Objects/Materials/Particles/blood.png using Guid(df7d59e350a9cac45b05d7bd2b2e7da2) Importer(815301076,1909f56bfc062723c751e8b465ee728b)  -> (artifact id: '8110800052136e8667777b31047a80ba') in 0.020505 seconds 
========================================================================
Received Import Request.
  Time since last request: 12.849247 seconds.
  path: Assets/Objects/Materials/Particles/blood.png
  artifactKey: Guid(df7d59e350a9cac45b05d7bd2b2e7da2) Importer(815301076,1909f56bfc062723c751e8b465ee728b)
Start importing Assets/Objects/Materials/Particles/blood.png using Guid(df7d59e350a9cac45b05d7bd2b2e7da2) Importer(815301076,1909f56bfc062723c751e8b465ee728b)  -> (artifact id: '3226975dc80690936bfb8b150575dee8') in 0.018083 seconds 
========================================================================
Received Import Request.
  Time since last request: 5.574802 seconds.
  path: Assets/Objects/Materials/Particles/blood.png
  artifactKey: Guid(df7d59e350a9cac45b05d7bd2b2e7da2) Importer(815301076,1909f56bfc062723c751e8b465ee728b)
Start importing Assets/Objects/Materials/Particles/blood.png using Guid(df7d59e350a9cac45b05d7bd2b2e7da2) Importer(815301076,1909f56bfc062723c751e8b465ee728b)  -> (artifact id: '6e78d691e47500e753aaa8108a07a929') in 0.009266 seconds 
========================================================================
Received Import Request.
  Time since last request: 39.901422 seconds.
  path: Assets/Objects/Materials/Particles/Materials/blood.mat
  artifactKey: Guid(fbd731d71f0ed844796165dd5a6b3c28) Importer(815301076,1909f56bfc062723c751e8b465ee728b)
Start importing Assets/Objects/Materials/Particles/Materials/blood.mat using Guid(fbd731d71f0ed844796165dd5a6b3c28) Importer(815301076,1909f56bfc062723c751e8b465ee728b)  -> (artifact id: '1241b5ec0b30cd69e61811c03278d3bb') in 0.010455 seconds 
========================================================================
Received Import Request.
  Time since last request: 607.104749 seconds.
  path: Assets/Objects/Materials/Particles/Materials
  artifactKey: Guid(cfa2de72785def348a9c8ebcfcec1946) Importer(815301076,1909f56bfc062723c751e8b465ee728b)
Start importing Assets/Objects/Materials/Particles/Materials using Guid(cfa2de72785def348a9c8ebcfcec1946) Importer(815301076,1909f56bfc062723c751e8b465ee728b)  -> (artifact id: '408a821fca92691f34aa7500e238873e') in 0.002129 seconds 
========================================================================
Received Import Request.
  Time since last request: 12.126568 seconds.
  path: Assets/Objects/Materials/Particles/Materials/blood.mat
  artifactKey: Guid(fbd731d71f0ed844796165dd5a6b3c28) Importer(815301076,1909f56bfc062723c751e8b465ee728b)
Start importing Assets/Objects/Materials/Particles/Materials/blood.mat using Guid(fbd731d71f0ed844796165dd5a6b3c28) Importer(815301076,1909f56bfc062723c751e8b465ee728b)  -> (artifact id: '8ada51c002d8040cf1282e39c97d236a') in 0.020519 seconds 
========================================================================
Received Import Request.
  Time since last request: 11.663083 seconds.
  path: Assets/Objects/Materials/Particles/faePot.png
  artifactKey: Guid(9336d4d20ae615f438ec038770e0cb7a) Importer(815301076,1909f56bfc062723c751e8b465ee728b)
Start importing Assets/Objects/Materials/Particles/faePot.png using Guid(9336d4d20ae615f438ec038770e0cb7a) Importer(815301076,1909f56bfc062723c751e8b465ee728b)  -> (artifact id: 'f324dfff1598ef566e528d67ffba7bd2') in 0.028458 seconds 
========================================================================
Received Import Request.
  Time since last request: 0.001606 seconds.
  path: Assets/Objects/Materials/Particles/purePot.png
  artifactKey: Guid(0ad0adf450300a74683734e268263a74) Importer(815301076,1909f56bfc062723c751e8b465ee728b)
Start importing Assets/Objects/Materials/Particles/purePot.png using Guid(0ad0adf450300a74683734e268263a74) Importer(815301076,1909f56bfc062723c751e8b465ee728b)  -> (artifact id: '5b106e941e16fef2591a63d499f19f94') in 0.021993 seconds 
========================================================================
Received Import Request.
  Time since last request: 0.000046 seconds.
  path: Assets/Objects/Materials/Particles/happyPot.png
  artifactKey: Guid(f3a1f5d8d796939488cb3863005e97e3) Importer(815301076,1909f56bfc062723c751e8b465ee728b)
Start importing Assets/Objects/Materials/Particles/happyPot.png using Guid(f3a1f5d8d796939488cb3863005e97e3) Importer(815301076,1909f56bfc062723c751e8b465ee728b)  -> (artifact id: '52c0e6ef8bf4255edc5c6799e24e99f9') in 0.026078 seconds 
========================================================================
Received Import Request.
  Time since last request: 0.000058 seconds.
  path: Assets/Objects/Materials/Particles/sadPot.png
  artifactKey: Guid(fee9055540fad6f4d98f3ce296916978) Importer(815301076,1909f56bfc062723c751e8b465ee728b)
Start importing Assets/Objects/Materials/Particles/sadPot.png using Guid(fee9055540fad6f4d98f3ce296916978) Importer(815301076,1909f56bfc062723c751e8b465ee728b)  -> (artifact id: '4188422aaf06bc03a68cf79d59c473a0') in 0.021088 seconds 
========================================================================
Received Import Request.
  Time since last request: 19.362248 seconds.
  path: Assets/Objects/Materials/Particles/Materials/loveBubble.mat
  artifactKey: Guid(4dacfc7d9a3310e4bb5254c0a728a613) Importer(815301076,1909f56bfc062723c751e8b465ee728b)
Start importing Assets/Objects/Materials/Particles/Materials/loveBubble.mat using Guid(4dacfc7d9a3310e4bb5254c0a728a613) Importer(815301076,1909f56bfc062723c751e8b465ee728b)  -> (artifact id: '84f7b61727d4a4cabf4bc5a54bc882ba') in 0.009416 seconds 
========================================================================
Received Prepare
Registering precompiled user dll's ...
Registered in 0.018753 seconds.
Begin MonoManager ReloadAssembly
Symbol file LoadedFromMemory doesn't match image C:\Users\joeyd\Desktop\MyStuff\School\Repos\Release\GDW-Game\Library\PackageCache\com.unity.visualscripting@1.7.5\Editor\VisualScripting.Core\Dependencies\YamlDotNet\Unity.VisualScripting.YamlDotNet.dll
Symbol file LoadedFromMemory doesn't match image C:\Users\joeyd\Desktop\MyStuff\School\Repos\Release\GDW-Game\Library\PackageCache\com.unity.visualscripting@1.7.5\Editor\VisualScripting.Core\Dependencies\DotNetZip\Unity.VisualScripting.IonicZip.dll
Native extension for WindowsStandalone target not found
Native extension for WebGL target not found
Refreshing native plugins compatible for Editor in 2.92 ms, found 4 plugins.
Preloading 0 native plugins for Editor in 0.00 ms.
Mono: successfully reloaded assembly
- Completed reload, in  1.408 seconds
Domain Reload Profiling:
	ReloadAssembly (1408ms)
		BeginReloadAssembly (146ms)
			ExecutionOrderSort (0ms)
			DisableScriptedObjects (5ms)
			BackupInstance (0ms)
			ReleaseScriptingObjects (0ms)
			CreateAndSetChildDomain (34ms)
		EndReloadAssembly (1148ms)
			LoadAssemblies (106ms)
			RebuildTransferFunctionScriptingTraits (0ms)
			SetupTypeCache (320ms)
			ReleaseScriptCaches (2ms)
			RebuildScriptCaches (52ms)
			SetupLoadedEditorAssemblies (496ms)
				LogAssemblyErrors (0ms)
				InitializePlatformSupportModulesInManaged (21ms)
				SetLoadedEditorAssemblies (1ms)
				RefreshPlugins (3ms)
				BeforeProcessingInitializeOnLoad (93ms)
				ProcessInitializeOnLoadAttributes (325ms)
				ProcessInitializeOnLoadMethodAttributes (39ms)
				AfterProcessingInitializeOnLoad (14ms)
				EditorAssembliesLoaded (0ms)
			ExecutionOrderSort2 (0ms)
			AwakeInstancesAfterBackupRestoration (19ms)
Platform modules already initialized, skipping
Refreshing native plugins compatible for Editor in 1.85 ms, found 4 plugins.
Preloading 0 native plugins for Editor in 0.00 ms.
Unloading 3536 Unused Serialized files (Serialized files now loaded: 0)
Unloading 26 unused Assets / (95.3 KB). Loaded Objects now: 4164.
Memory consumption went from 141.0 MB to 140.9 MB.
Total: 5.761700 ms (FindLiveObjects: 0.506300 ms CreateObjectMapping: 0.699100 ms MarkObjects: 4.406900 ms  DeleteObjects: 0.146300 ms)

AssetImportParameters requested are different than current active one (requested -> active):
  custom:video-decoder-ogg-theora: a1e56fd34408186e4bbccfd4996cb3dc -> 
  custom:container-muxer-webm: aa71ff27fc2769a1b78a27578f13a17b -> 
  custom:container-demuxer-webm: 4f35f7cbe854078d1ac9338744f61a02 -> 
  custom:video-encoder-webm-vp8: eb34c28f22e8b96e1ab97ce403110664 -> 
  custom:video-codec-MediaFoundation-h265: 746d11721c4dcdbdad8f713fa42b33f4 -> 
  custom:audio-encoder-webm-vorbis: bf7c407c2cedff20999df2af8eb42d56 -> 
  custom:framework-win-MediaFoundation: 216162199b28c13a410421893ffa2e32 -> 
  custom:container-demuxer-ogg: 62fdf1f143b41e24485cea50d1cbac27 -> 
  custom:video-decoder-webm-vp8: 9c59270c3fd7afecdb556c50c9e8de78 -> 
  custom:audio-decoder-ogg-vorbis: bf7c407c2cedff20999df2af8eb42d56 -> 
========================================================================
Received Import Request.
  Time since last request: 108.257418 seconds.
  path: Assets/Resources/Animated.prefab
  artifactKey: Guid(4046ce8abbf05c4478e5c1a0269715de) Importer(815301076,1909f56bfc062723c751e8b465ee728b)
Start importing Assets/Resources/Animated.prefab using Guid(4046ce8abbf05c4478e5c1a0269715de) Importer(815301076,1909f56bfc062723c751e8b465ee728b)  -> (artifact id: 'bb85b83a351b2ee72ad640efdfbc222f') in 0.113823 seconds 
========================================================================
Received Import Request.
  Time since last request: 1.144938 seconds.
  path: Assets/Scenes/Main.unity
  artifactKey: Guid(9fc0d4010bbf28b4594072e72b8655ab) Importer(815301076,1909f56bfc062723c751e8b465ee728b)
Start importing Assets/Scenes/Main.unity using Guid(9fc0d4010bbf28b4594072e72b8655ab) Importer(815301076,1909f56bfc062723c751e8b465ee728b)  -> (artifact id: 'a8cdcf4566c53e4f4ceae33ff2c98aee') in 0.003473 seconds 
========================================================================
Received Import Request.
  Time since last request: 6.504869 seconds.
  path: Assets/Objects/Materials/Particles/Materials/loveBubble.mat
  artifactKey: Guid(4dacfc7d9a3310e4bb5254c0a728a613) Importer(815301076,1909f56bfc062723c751e8b465ee728b)
Start importing Assets/Objects/Materials/Particles/Materials/loveBubble.mat using Guid(4dacfc7d9a3310e4bb5254c0a728a613) Importer(815301076,1909f56bfc062723c751e8b465ee728b)  -> (artifact id: '76ef7e5e4ddf0c0d6d2f261fde76ed7a') in 0.032908 seconds 
========================================================================
Received Import Request.
  Time since last request: 32.395041 seconds.
  path: Assets/Objects/Materials/Particles/Materials/lovePot.mat
  artifactKey: Guid(d16a539b173274840b831f22cd0181d2) Importer(815301076,1909f56bfc062723c751e8b465ee728b)
Start importing Assets/Objects/Materials/Particles/Materials/lovePot.mat using Guid(d16a539b173274840b831f22cd0181d2) Importer(815301076,1909f56bfc062723c751e8b465ee728b)  -> (artifact id: 'd52791914df94377da6706fd370c1696') in 0.012168 seconds 
========================================================================
Received Import Request.
  Time since last request: 150.091997 seconds.
  path: Assets/Objects/Materials/Particles/Materials/faeBubble.mat
  artifactKey: Guid(2c221d8d41e2d8a4aad76fcce895f5e1) Importer(815301076,1909f56bfc062723c751e8b465ee728b)
Start importing Assets/Objects/Materials/Particles/Materials/faeBubble.mat using Guid(2c221d8d41e2d8a4aad76fcce895f5e1) Importer(815301076,1909f56bfc062723c751e8b465ee728b)  -> (artifact id: '93a7947b8ea5c066726cf038d746652e') in 0.014786 seconds 
========================================================================
Received Import Request.
  Time since last request: 9.646326 seconds.
  path: Assets/Objects/Materials/Particles/Materials/goldBubble.mat
  artifactKey: Guid(79e798a5a181be84baac72f72c3cdbba) Importer(815301076,1909f56bfc062723c751e8b465ee728b)
Start importing Assets/Objects/Materials/Particles/Materials/goldBubble.mat using Guid(79e798a5a181be84baac72f72c3cdbba) Importer(815301076,1909f56bfc062723c751e8b465ee728b)  -> (artifact id: 'ff32ebd0b7a2598690f03979ce15cf32') in 0.011744 seconds 
========================================================================
Received Import Request.
  Time since last request: 15.647933 seconds.
  path: Assets/Objects/Materials/Particles/Materials/happyBubble.mat
  artifactKey: Guid(2a09cb918e9c0d74ca344f3561ae3fbf) Importer(815301076,1909f56bfc062723c751e8b465ee728b)
Start importing Assets/Objects/Materials/Particles/Materials/happyBubble.mat using Guid(2a09cb918e9c0d74ca344f3561ae3fbf) Importer(815301076,1909f56bfc062723c751e8b465ee728b)  -> (artifact id: '73cd1b3102e4eadf06473d13904c5c0a') in 0.011458 seconds 
========================================================================
Received Import Request.
  Time since last request: 22.923608 seconds.
  path: Assets/Objects/Materials/Particles/Materials/pureBubble.mat
  artifactKey: Guid(4b5f3dde7d0a95546887060f482bda10) Importer(815301076,1909f56bfc062723c751e8b465ee728b)
Start importing Assets/Objects/Materials/Particles/Materials/pureBubble.mat using Guid(4b5f3dde7d0a95546887060f482bda10) Importer(815301076,1909f56bfc062723c751e8b465ee728b)  -> (artifact id: 'e5289d69a50296cd7b3e4210dc95217c') in 0.021028 seconds 
========================================================================
Received Import Request.
  Time since last request: 6.842645 seconds.
  path: Assets/Objects/Materials/Particles/Materials/sadBubble.mat
  artifactKey: Guid(93ce13af2ce84884cb6b2f482f9c9e75) Importer(815301076,1909f56bfc062723c751e8b465ee728b)
Start importing Assets/Objects/Materials/Particles/Materials/sadBubble.mat using Guid(93ce13af2ce84884cb6b2f482f9c9e75) Importer(815301076,1909f56bfc062723c751e8b465ee728b)  -> (artifact id: 'c458c1a5e20bff9c2573c5eb3f735793') in 0.018940 seconds 
========================================================================
Received Import Request.
  Time since last request: 6.125244 seconds.
  path: Assets/Objects/Materials/Particles/Materials/timeBubble.mat
  artifactKey: Guid(a2aa92c0fc364c54292283e01486de52) Importer(815301076,1909f56bfc062723c751e8b465ee728b)
Start importing Assets/Objects/Materials/Particles/Materials/timeBubble.mat using Guid(a2aa92c0fc364c54292283e01486de52) Importer(815301076,1909f56bfc062723c751e8b465ee728b)  -> (artifact id: '802649fcb4b18f906a12852f3cd82c4b') in 0.011556 seconds 
========================================================================
Received Import Request.
  Time since last request: 8.418553 seconds.
  path: Assets/Objects/Materials/Particles/Materials/truthBubble.mat
  artifactKey: Guid(abfc7285650ad49409af2ac765508fbc) Importer(815301076,1909f56bfc062723c751e8b465ee728b)
Start importing Assets/Objects/Materials/Particles/Materials/truthBubble.mat using Guid(abfc7285650ad49409af2ac765508fbc) Importer(815301076,1909f56bfc062723c751e8b465ee728b)  -> (artifact id: 'a0224c785d6702730aa529b91536cacf') in 0.020074 seconds 
========================================================================
Received Prepare
Registering precompiled user dll's ...
Registered in 0.012636 seconds.
Begin MonoManager ReloadAssembly
Symbol file LoadedFromMemory doesn't match image C:\Users\joeyd\Desktop\MyStuff\School\Repos\Release\GDW-Game\Library\PackageCache\com.unity.visualscripting@1.7.5\Editor\VisualScripting.Core\Dependencies\YamlDotNet\Unity.VisualScripting.YamlDotNet.dll
Symbol file LoadedFromMemory doesn't match image C:\Users\joeyd\Desktop\MyStuff\School\Repos\Release\GDW-Game\Library\PackageCache\com.unity.visualscripting@1.7.5\Editor\VisualScripting.Core\Dependencies\DotNetZip\Unity.VisualScripting.IonicZip.dll
Native extension for WindowsStandalone target not found
Native extension for WebGL target not found
Refreshing native plugins compatible for Editor in 0.57 ms, found 4 plugins.
Preloading 0 native plugins for Editor in 0.00 ms.
Mono: successfully reloaded assembly
- Completed reload, in  1.058 seconds
Domain Reload Profiling:
	ReloadAssembly (1059ms)
		BeginReloadAssembly (147ms)
			ExecutionOrderSort (0ms)
			DisableScriptedObjects (5ms)
			BackupInstance (0ms)
			ReleaseScriptingObjects (0ms)
			CreateAndSetChildDomain (37ms)
		EndReloadAssembly (812ms)
			LoadAssemblies (101ms)
			RebuildTransferFunctionScriptingTraits (0ms)
			SetupTypeCache (245ms)
			ReleaseScriptCaches (1ms)
			RebuildScriptCaches (38ms)
			SetupLoadedEditorAssemblies (332ms)
				LogAssemblyErrors (0ms)
				InitializePlatformSupportModulesInManaged (13ms)
				SetLoadedEditorAssemblies (0ms)
				RefreshPlugins (1ms)
				BeforeProcessingInitializeOnLoad (64ms)
				ProcessInitializeOnLoadAttributes (221ms)
				ProcessInitializeOnLoadMethodAttributes (23ms)
				AfterProcessingInitializeOnLoad (10ms)
				EditorAssembliesLoaded (0ms)
			ExecutionOrderSort2 (0ms)
			AwakeInstancesAfterBackupRestoration (11ms)
Platform modules already initialized, skipping
Refreshing native plugins compatible for Editor in 0.70 ms, found 4 plugins.
Preloading 0 native plugins for Editor in 0.00 ms.
Unloading 3531 Unused Serialized files (Serialized files now loaded: 0)
Unloading 26 unused Assets / (96.3 KB). Loaded Objects now: 4182.
Memory consumption went from 152.7 MB to 152.6 MB.
Total: 3.030600 ms (FindLiveObjects: 0.296800 ms CreateObjectMapping: 0.278700 ms MarkObjects: 2.411300 ms  DeleteObjects: 0.042500 ms)

AssetImportParameters requested are different than current active one (requested -> active):
  custom:video-decoder-ogg-theora: a1e56fd34408186e4bbccfd4996cb3dc -> 
  custom:container-muxer-webm: aa71ff27fc2769a1b78a27578f13a17b -> 
  custom:container-demuxer-webm: 4f35f7cbe854078d1ac9338744f61a02 -> 
  custom:video-encoder-webm-vp8: eb34c28f22e8b96e1ab97ce403110664 -> 
  custom:video-codec-MediaFoundation-h265: 746d11721c4dcdbdad8f713fa42b33f4 -> 
  custom:audio-encoder-webm-vorbis: bf7c407c2cedff20999df2af8eb42d56 -> 
  custom:framework-win-MediaFoundation: 216162199b28c13a410421893ffa2e32 -> 
  custom:container-demuxer-ogg: 62fdf1f143b41e24485cea50d1cbac27 -> 
  custom:video-decoder-webm-vp8: 9c59270c3fd7afecdb556c50c9e8de78 -> 
  custom:audio-decoder-ogg-vorbis: bf7c407c2cedff20999df2af8eb42d56 -> 
========================================================================
Received Prepare
Registering precompiled user dll's ...
Registered in 0.012441 seconds.
Begin MonoManager ReloadAssembly
Symbol file LoadedFromMemory doesn't match image C:\Users\joeyd\Desktop\MyStuff\School\Repos\Release\GDW-Game\Library\PackageCache\com.unity.visualscripting@1.7.5\Editor\VisualScripting.Core\Dependencies\YamlDotNet\Unity.VisualScripting.YamlDotNet.dll
Symbol file LoadedFromMemory doesn't match image C:\Users\joeyd\Desktop\MyStuff\School\Repos\Release\GDW-Game\Library\PackageCache\com.unity.visualscripting@1.7.5\Editor\VisualScripting.Core\Dependencies\DotNetZip\Unity.VisualScripting.IonicZip.dll
Native extension for WindowsStandalone target not found
Native extension for WebGL target not found
Refreshing native plugins compatible for Editor in 0.73 ms, found 4 plugins.
Preloading 0 native plugins for Editor in 0.00 ms.
Mono: successfully reloaded assembly
- Completed reload, in  1.037 seconds
Domain Reload Profiling:
	ReloadAssembly (1038ms)
		BeginReloadAssembly (146ms)
			ExecutionOrderSort (0ms)
			DisableScriptedObjects (6ms)
			BackupInstance (0ms)
			ReleaseScriptingObjects (0ms)
			CreateAndSetChildDomain (32ms)
		EndReloadAssembly (767ms)
			LoadAssemblies (103ms)
			RebuildTransferFunctionScriptingTraits (0ms)
			SetupTypeCache (225ms)
			ReleaseScriptCaches (1ms)
			RebuildScriptCaches (38ms)
			SetupLoadedEditorAssemblies (311ms)
				LogAssemblyErrors (0ms)
				InitializePlatformSupportModulesInManaged (13ms)
				SetLoadedEditorAssemblies (1ms)
				RefreshPlugins (1ms)
				BeforeProcessingInitializeOnLoad (61ms)
				ProcessInitializeOnLoadAttributes (202ms)
				ProcessInitializeOnLoadMethodAttributes (24ms)
				AfterProcessingInitializeOnLoad (9ms)
				EditorAssembliesLoaded (0ms)
			ExecutionOrderSort2 (0ms)
			AwakeInstancesAfterBackupRestoration (11ms)
Platform modules already initialized, skipping
Refreshing native plugins compatible for Editor in 0.60 ms, found 4 plugins.
Preloading 0 native plugins for Editor in 0.00 ms.
Unloading 3531 Unused Serialized files (Serialized files now loaded: 0)
Unloading 26 unused Assets / (95.3 KB). Loaded Objects now: 4197.
Memory consumption went from 152.7 MB to 152.6 MB.
Total: 2.545000 ms (FindLiveObjects: 0.296300 ms CreateObjectMapping: 0.233200 ms MarkObjects: 1.987000 ms  DeleteObjects: 0.027400 ms)

AssetImportParameters requested are different than current active one (requested -> active):
  custom:video-decoder-ogg-theora: a1e56fd34408186e4bbccfd4996cb3dc -> 
  custom:container-muxer-webm: aa71ff27fc2769a1b78a27578f13a17b -> 
  custom:container-demuxer-webm: 4f35f7cbe854078d1ac9338744f61a02 -> 
  custom:video-encoder-webm-vp8: eb34c28f22e8b96e1ab97ce403110664 -> 
  custom:video-codec-MediaFoundation-h265: 746d11721c4dcdbdad8f713fa42b33f4 -> 
  custom:audio-encoder-webm-vorbis: bf7c407c2cedff20999df2af8eb42d56 -> 
  custom:framework-win-MediaFoundation: 216162199b28c13a410421893ffa2e32 -> 
  custom:container-demuxer-ogg: 62fdf1f143b41e24485cea50d1cbac27 -> 
  custom:video-decoder-webm-vp8: 9c59270c3fd7afecdb556c50c9e8de78 -> 
  custom:audio-decoder-ogg-vorbis: bf7c407c2cedff20999df2af8eb42d56 -> 
========================================================================
Received Prepare
Registering precompiled user dll's ...
Registered in 0.011815 seconds.
Begin MonoManager ReloadAssembly
Symbol file LoadedFromMemory doesn't match image C:\Users\joeyd\Desktop\MyStuff\School\Repos\Release\GDW-Game\Library\PackageCache\com.unity.visualscripting@1.7.5\Editor\VisualScripting.Core\Dependencies\YamlDotNet\Unity.VisualScripting.YamlDotNet.dll
Symbol file LoadedFromMemory doesn't match image C:\Users\joeyd\Desktop\MyStuff\School\Repos\Release\GDW-Game\Library\PackageCache\com.unity.visualscripting@1.7.5\Editor\VisualScripting.Core\Dependencies\DotNetZip\Unity.VisualScripting.IonicZip.dll
Native extension for WindowsStandalone target not found
Native extension for WebGL target not found
Refreshing native plugins compatible for Editor in 0.57 ms, found 4 plugins.
Preloading 0 native plugins for Editor in 0.00 ms.
Mono: successfully reloaded assembly
- Completed reload, in  1.016 seconds
Domain Reload Profiling:
	ReloadAssembly (1017ms)
		BeginReloadAssembly (145ms)
			ExecutionOrderSort (0ms)
			DisableScriptedObjects (7ms)
			BackupInstance (0ms)
			ReleaseScriptingObjects (0ms)
			CreateAndSetChildDomain (33ms)
		EndReloadAssembly (765ms)
			LoadAssemblies (102ms)
			RebuildTransferFunctionScriptingTraits (0ms)
			SetupTypeCache (224ms)
			ReleaseScriptCaches (2ms)
			RebuildScriptCaches (40ms)
			SetupLoadedEditorAssemblies (313ms)
				LogAssemblyErrors (0ms)
				InitializePlatformSupportModulesInManaged (14ms)
				SetLoadedEditorAssemblies (0ms)
				RefreshPlugins (1ms)
				BeforeProcessingInitializeOnLoad (58ms)
				ProcessInitializeOnLoadAttributes (205ms)
				ProcessInitializeOnLoadMethodAttributes (25ms)
				AfterProcessingInitializeOnLoad (10ms)
				EditorAssembliesLoaded (0ms)
			ExecutionOrderSort2 (0ms)
			AwakeInstancesAfterBackupRestoration (12ms)
Platform modules already initialized, skipping
Refreshing native plugins compatible for Editor in 0.73 ms, found 4 plugins.
Preloading 0 native plugins for Editor in 0.00 ms.
Unloading 3531 Unused Serialized files (Serialized files now loaded: 0)
Unloading 26 unused Assets / (95.3 KB). Loaded Objects now: 4212.
Memory consumption went from 152.8 MB to 152.7 MB.
Total: 2.927400 ms (FindLiveObjects: 0.286600 ms CreateObjectMapping: 0.211000 ms MarkObjects: 2.403500 ms  DeleteObjects: 0.025600 ms)

AssetImportParameters requested are different than current active one (requested -> active):
  custom:video-decoder-ogg-theora: a1e56fd34408186e4bbccfd4996cb3dc -> 
  custom:container-muxer-webm: aa71ff27fc2769a1b78a27578f13a17b -> 
  custom:container-demuxer-webm: 4f35f7cbe854078d1ac9338744f61a02 -> 
  custom:video-encoder-webm-vp8: eb34c28f22e8b96e1ab97ce403110664 -> 
  custom:video-codec-MediaFoundation-h265: 746d11721c4dcdbdad8f713fa42b33f4 -> 
  custom:audio-encoder-webm-vorbis: bf7c407c2cedff20999df2af8eb42d56 -> 
  custom:framework-win-MediaFoundation: 216162199b28c13a410421893ffa2e32 -> 
  custom:container-demuxer-ogg: 62fdf1f143b41e24485cea50d1cbac27 -> 
  custom:video-decoder-webm-vp8: 9c59270c3fd7afecdb556c50c9e8de78 -> 
  custom:audio-decoder-ogg-vorbis: bf7c407c2cedff20999df2af8eb42d56 -> 
========================================================================
Received Prepare
Registering precompiled user dll's ...
Registered in 0.012357 seconds.
Begin MonoManager ReloadAssembly
Symbol file LoadedFromMemory doesn't match image C:\Users\joeyd\Desktop\MyStuff\School\Repos\Release\GDW-Game\Library\PackageCache\com.unity.visualscripting@1.7.5\Editor\VisualScripting.Core\Dependencies\YamlDotNet\Unity.VisualScripting.YamlDotNet.dll
Symbol file LoadedFromMemory doesn't match image C:\Users\joeyd\Desktop\MyStuff\School\Repos\Release\GDW-Game\Library\PackageCache\com.unity.visualscripting@1.7.5\Editor\VisualScripting.Core\Dependencies\DotNetZip\Unity.VisualScripting.IonicZip.dll
Native extension for WindowsStandalone target not found
Native extension for WebGL target not found
Refreshing native plugins compatible for Editor in 0.57 ms, found 4 plugins.
Preloading 0 native plugins for Editor in 0.00 ms.
Mono: successfully reloaded assembly
- Completed reload, in  1.031 seconds
Domain Reload Profiling:
	ReloadAssembly (1031ms)
		BeginReloadAssembly (148ms)
			ExecutionOrderSort (0ms)
			DisableScriptedObjects (6ms)
			BackupInstance (0ms)
			ReleaseScriptingObjects (0ms)
			CreateAndSetChildDomain (40ms)
		EndReloadAssembly (774ms)
			LoadAssemblies (97ms)
			RebuildTransferFunctionScriptingTraits (0ms)
			SetupTypeCache (215ms)
			ReleaseScriptCaches (1ms)
			RebuildScriptCaches (39ms)
			SetupLoadedEditorAssemblies (327ms)
				LogAssemblyErrors (0ms)
				InitializePlatformSupportModulesInManaged (14ms)
				SetLoadedEditorAssemblies (0ms)
				RefreshPlugins (1ms)
				BeforeProcessingInitializeOnLoad (64ms)
				ProcessInitializeOnLoadAttributes (209ms)
				ProcessInitializeOnLoadMethodAttributes (28ms)
				AfterProcessingInitializeOnLoad (9ms)
				EditorAssembliesLoaded (0ms)
			ExecutionOrderSort2 (0ms)
			AwakeInstancesAfterBackupRestoration (11ms)
Platform modules already initialized, skipping
Refreshing native plugins compatible for Editor in 0.65 ms, found 4 plugins.
Preloading 0 native plugins for Editor in 0.00 ms.
Unloading 3531 Unused Serialized files (Serialized files now loaded: 0)
Unloading 26 unused Assets / (96.4 KB). Loaded Objects now: 4227.
Memory consumption went from 152.8 MB to 152.7 MB.
Total: 2.526900 ms (FindLiveObjects: 0.291000 ms CreateObjectMapping: 0.209300 ms MarkObjects: 1.997700 ms  DeleteObjects: 0.028000 ms)

AssetImportParameters requested are different than current active one (requested -> active):
  custom:video-decoder-ogg-theora: a1e56fd34408186e4bbccfd4996cb3dc -> 
  custom:container-muxer-webm: aa71ff27fc2769a1b78a27578f13a17b -> 
  custom:container-demuxer-webm: 4f35f7cbe854078d1ac9338744f61a02 -> 
  custom:video-encoder-webm-vp8: eb34c28f22e8b96e1ab97ce403110664 -> 
  custom:video-codec-MediaFoundation-h265: 746d11721c4dcdbdad8f713fa42b33f4 -> 
  custom:audio-encoder-webm-vorbis: bf7c407c2cedff20999df2af8eb42d56 -> 
  custom:framework-win-MediaFoundation: 216162199b28c13a410421893ffa2e32 -> 
  custom:container-demuxer-ogg: 62fdf1f143b41e24485cea50d1cbac27 -> 
  custom:video-decoder-webm-vp8: 9c59270c3fd7afecdb556c50c9e8de78 -> 
  custom:audio-decoder-ogg-vorbis: bf7c407c2cedff20999df2af8eb42d56 -> 
========================================================================
Received Prepare
Registering precompiled user dll's ...
Registered in 0.012015 seconds.
Begin MonoManager ReloadAssembly
Symbol file LoadedFromMemory doesn't match image C:\Users\joeyd\Desktop\MyStuff\School\Repos\Release\GDW-Game\Library\PackageCache\com.unity.visualscripting@1.7.5\Editor\VisualScripting.Core\Dependencies\YamlDotNet\Unity.VisualScripting.YamlDotNet.dll
Symbol file LoadedFromMemory doesn't match image C:\Users\joeyd\Desktop\MyStuff\School\Repos\Release\GDW-Game\Library\PackageCache\com.unity.visualscripting@1.7.5\Editor\VisualScripting.Core\Dependencies\DotNetZip\Unity.VisualScripting.IonicZip.dll
Native extension for WindowsStandalone target not found
Native extension for WebGL target not found
Refreshing native plugins compatible for Editor in 0.57 ms, found 4 plugins.
Preloading 0 native plugins for Editor in 0.00 ms.
Mono: successfully reloaded assembly
- Completed reload, in  1.030 seconds
Domain Reload Profiling:
	ReloadAssembly (1031ms)
		BeginReloadAssembly (171ms)
			ExecutionOrderSort (0ms)
			DisableScriptedObjects (6ms)
			BackupInstance (0ms)
			ReleaseScriptingObjects (0ms)
			CreateAndSetChildDomain (48ms)
		EndReloadAssembly (753ms)
			LoadAssemblies (114ms)
			RebuildTransferFunctionScriptingTraits (0ms)
			SetupTypeCache (213ms)
			ReleaseScriptCaches (1ms)
			RebuildScriptCaches (38ms)
			SetupLoadedEditorAssemblies (315ms)
				LogAssemblyErrors (0ms)
				InitializePlatformSupportModulesInManaged (13ms)
				SetLoadedEditorAssemblies (0ms)
				RefreshPlugins (1ms)
				BeforeProcessingInitializeOnLoad (62ms)
				ProcessInitializeOnLoadAttributes (207ms)
				ProcessInitializeOnLoadMethodAttributes (22ms)
				AfterProcessingInitializeOnLoad (10ms)
				EditorAssembliesLoaded (0ms)
			ExecutionOrderSort2 (0ms)
			AwakeInstancesAfterBackupRestoration (11ms)
Platform modules already initialized, skipping
Refreshing native plugins compatible for Editor in 0.62 ms, found 4 plugins.
Preloading 0 native plugins for Editor in 0.00 ms.
Unloading 3531 Unused Serialized files (Serialized files now loaded: 0)
Unloading 26 unused Assets / (95.3 KB). Loaded Objects now: 4242.
Memory consumption went from 152.8 MB to 152.7 MB.
Total: 2.935100 ms (FindLiveObjects: 0.272800 ms CreateObjectMapping: 0.199700 ms MarkObjects: 2.437400 ms  DeleteObjects: 0.024500 ms)

AssetImportParameters requested are different than current active one (requested -> active):
  custom:video-decoder-ogg-theora: a1e56fd34408186e4bbccfd4996cb3dc -> 
  custom:container-muxer-webm: aa71ff27fc2769a1b78a27578f13a17b -> 
  custom:container-demuxer-webm: 4f35f7cbe854078d1ac9338744f61a02 -> 
  custom:video-encoder-webm-vp8: eb34c28f22e8b96e1ab97ce403110664 -> 
  custom:video-codec-MediaFoundation-h265: 746d11721c4dcdbdad8f713fa42b33f4 -> 
  custom:audio-encoder-webm-vorbis: bf7c407c2cedff20999df2af8eb42d56 -> 
  custom:framework-win-MediaFoundation: 216162199b28c13a410421893ffa2e32 -> 
  custom:container-demuxer-ogg: 62fdf1f143b41e24485cea50d1cbac27 -> 
  custom:video-decoder-webm-vp8: 9c59270c3fd7afecdb556c50c9e8de78 -> 
  custom:audio-decoder-ogg-vorbis: bf7c407c2cedff20999df2af8eb42d56 -> 
========================================================================
Received Prepare
Registering precompiled user dll's ...
Registered in 0.013860 seconds.
Begin MonoManager ReloadAssembly
Symbol file LoadedFromMemory doesn't match image C:\Users\joeyd\Desktop\MyStuff\School\Repos\Release\GDW-Game\Library\PackageCache\com.unity.visualscripting@1.7.5\Editor\VisualScripting.Core\Dependencies\YamlDotNet\Unity.VisualScripting.YamlDotNet.dll
Symbol file LoadedFromMemory doesn't match image C:\Users\joeyd\Desktop\MyStuff\School\Repos\Release\GDW-Game\Library\PackageCache\com.unity.visualscripting@1.7.5\Editor\VisualScripting.Core\Dependencies\DotNetZip\Unity.VisualScripting.IonicZip.dll
Native extension for WindowsStandalone target not found
Native extension for WebGL target not found
Refreshing native plugins compatible for Editor in 0.99 ms, found 4 plugins.
Preloading 0 native plugins for Editor in 0.00 ms.
Mono: successfully reloaded assembly
- Completed reload, in  1.074 seconds
Domain Reload Profiling:
	ReloadAssembly (1075ms)
		BeginReloadAssembly (187ms)
			ExecutionOrderSort (0ms)
			DisableScriptedObjects (6ms)
			BackupInstance (0ms)
			ReleaseScriptingObjects (0ms)
			CreateAndSetChildDomain (51ms)
		EndReloadAssembly (770ms)
			LoadAssemblies (122ms)
			RebuildTransferFunctionScriptingTraits (0ms)
			SetupTypeCache (205ms)
			ReleaseScriptCaches (1ms)
			RebuildScriptCaches (37ms)
			SetupLoadedEditorAssemblies (327ms)
				LogAssemblyErrors (0ms)
				InitializePlatformSupportModulesInManaged (16ms)
				SetLoadedEditorAssemblies (1ms)
				RefreshPlugins (1ms)
				BeforeProcessingInitializeOnLoad (65ms)
				ProcessInitializeOnLoadAttributes (207ms)
				ProcessInitializeOnLoadMethodAttributes (24ms)
				AfterProcessingInitializeOnLoad (12ms)
				EditorAssembliesLoaded (0ms)
			ExecutionOrderSort2 (0ms)
			AwakeInstancesAfterBackupRestoration (12ms)
Platform modules already initialized, skipping
Refreshing native plugins compatible for Editor in 0.58 ms, found 4 plugins.
Preloading 0 native plugins for Editor in 0.00 ms.
Unloading 3531 Unused Serialized files (Serialized files now loaded: 0)
Unloading 26 unused Assets / (95.4 KB). Loaded Objects now: 4257.
Memory consumption went from 152.8 MB to 152.7 MB.
Total: 2.861400 ms (FindLiveObjects: 0.289000 ms CreateObjectMapping: 0.233800 ms MarkObjects: 2.293000 ms  DeleteObjects: 0.044600 ms)

AssetImportParameters requested are different than current active one (requested -> active):
  custom:video-decoder-ogg-theora: a1e56fd34408186e4bbccfd4996cb3dc -> 
  custom:container-muxer-webm: aa71ff27fc2769a1b78a27578f13a17b -> 
  custom:container-demuxer-webm: 4f35f7cbe854078d1ac9338744f61a02 -> 
  custom:video-encoder-webm-vp8: eb34c28f22e8b96e1ab97ce403110664 -> 
  custom:video-codec-MediaFoundation-h265: 746d11721c4dcdbdad8f713fa42b33f4 -> 
  custom:audio-encoder-webm-vorbis: bf7c407c2cedff20999df2af8eb42d56 -> 
  custom:framework-win-MediaFoundation: 216162199b28c13a410421893ffa2e32 -> 
  custom:container-demuxer-ogg: 62fdf1f143b41e24485cea50d1cbac27 -> 
  custom:video-decoder-webm-vp8: 9c59270c3fd7afecdb556c50c9e8de78 -> 
  custom:audio-decoder-ogg-vorbis: bf7c407c2cedff20999df2af8eb42d56 -> 
========================================================================
Received Prepare
Registering precompiled user dll's ...
Registered in 0.011964 seconds.
Begin MonoManager ReloadAssembly
Symbol file LoadedFromMemory doesn't match image C:\Users\joeyd\Desktop\MyStuff\School\Repos\Release\GDW-Game\Library\PackageCache\com.unity.visualscripting@1.7.5\Editor\VisualScripting.Core\Dependencies\YamlDotNet\Unity.VisualScripting.YamlDotNet.dll
Symbol file LoadedFromMemory doesn't match image C:\Users\joeyd\Desktop\MyStuff\School\Repos\Release\GDW-Game\Library\PackageCache\com.unity.visualscripting@1.7.5\Editor\VisualScripting.Core\Dependencies\DotNetZip\Unity.VisualScripting.IonicZip.dll
Native extension for WindowsStandalone target not found
Native extension for WebGL target not found
Refreshing native plugins compatible for Editor in 0.55 ms, found 4 plugins.
Preloading 0 native plugins for Editor in 0.00 ms.
Mono: successfully reloaded assembly
- Completed reload, in  1.058 seconds
Domain Reload Profiling:
	ReloadAssembly (1059ms)
		BeginReloadAssembly (179ms)
			ExecutionOrderSort (0ms)
			DisableScriptedObjects (6ms)
			BackupInstance (0ms)
			ReleaseScriptingObjects (0ms)
			CreateAndSetChildDomain (53ms)
		EndReloadAssembly (768ms)
			LoadAssemblies (113ms)
			RebuildTransferFunctionScriptingTraits (0ms)
			SetupTypeCache (212ms)
			ReleaseScriptCaches (1ms)
			RebuildScriptCaches (40ms)
			SetupLoadedEditorAssemblies (322ms)
				LogAssemblyErrors (0ms)
				InitializePlatformSupportModulesInManaged (14ms)
				SetLoadedEditorAssemblies (0ms)
				RefreshPlugins (1ms)
				BeforeProcessingInitializeOnLoad (63ms)
				ProcessInitializeOnLoadAttributes (208ms)
				ProcessInitializeOnLoadMethodAttributes (24ms)
				AfterProcessingInitializeOnLoad (11ms)
				EditorAssembliesLoaded (0ms)
			ExecutionOrderSort2 (0ms)
			AwakeInstancesAfterBackupRestoration (11ms)
Platform modules already initialized, skipping
Refreshing native plugins compatible for Editor in 0.61 ms, found 4 plugins.
Preloading 0 native plugins for Editor in 0.00 ms.
Unloading 3531 Unused Serialized files (Serialized files now loaded: 0)
Unloading 26 unused Assets / (95.3 KB). Loaded Objects now: 4272.
Memory consumption went from 152.8 MB to 152.7 MB.
Total: 2.552600 ms (FindLiveObjects: 0.291900 ms CreateObjectMapping: 0.244200 ms MarkObjects: 1.990100 ms  DeleteObjects: 0.025700 ms)

AssetImportParameters requested are different than current active one (requested -> active):
  custom:video-decoder-ogg-theora: a1e56fd34408186e4bbccfd4996cb3dc -> 
  custom:container-muxer-webm: aa71ff27fc2769a1b78a27578f13a17b -> 
  custom:container-demuxer-webm: 4f35f7cbe854078d1ac9338744f61a02 -> 
  custom:video-encoder-webm-vp8: eb34c28f22e8b96e1ab97ce403110664 -> 
  custom:video-codec-MediaFoundation-h265: 746d11721c4dcdbdad8f713fa42b33f4 -> 
  custom:audio-encoder-webm-vorbis: bf7c407c2cedff20999df2af8eb42d56 -> 
  custom:framework-win-MediaFoundation: 216162199b28c13a410421893ffa2e32 -> 
  custom:container-demuxer-ogg: 62fdf1f143b41e24485cea50d1cbac27 -> 
  custom:video-decoder-webm-vp8: 9c59270c3fd7afecdb556c50c9e8de78 -> 
  custom:audio-decoder-ogg-vorbis: bf7c407c2cedff20999df2af8eb42d56 -> 
========================================================================
Received Prepare
Registering precompiled user dll's ...
Registered in 0.012230 seconds.
Begin MonoManager ReloadAssembly
Symbol file LoadedFromMemory doesn't match image C:\Users\joeyd\Desktop\MyStuff\School\Repos\Release\GDW-Game\Library\PackageCache\com.unity.visualscripting@1.7.5\Editor\VisualScripting.Core\Dependencies\YamlDotNet\Unity.VisualScripting.YamlDotNet.dll
Symbol file LoadedFromMemory doesn't match image C:\Users\joeyd\Desktop\MyStuff\School\Repos\Release\GDW-Game\Library\PackageCache\com.unity.visualscripting@1.7.5\Editor\VisualScripting.Core\Dependencies\DotNetZip\Unity.VisualScripting.IonicZip.dll
Native extension for WindowsStandalone target not found
Native extension for WebGL target not found
Refreshing native plugins compatible for Editor in 0.69 ms, found 4 plugins.
Preloading 0 native plugins for Editor in 0.00 ms.
Mono: successfully reloaded assembly
- Completed reload, in  1.041 seconds
Domain Reload Profiling:
	ReloadAssembly (1042ms)
		BeginReloadAssembly (138ms)
			ExecutionOrderSort (0ms)
			DisableScriptedObjects (6ms)
			BackupInstance (0ms)
			ReleaseScriptingObjects (0ms)
			CreateAndSetChildDomain (29ms)
		EndReloadAssembly (798ms)
			LoadAssemblies (99ms)
			RebuildTransferFunctionScriptingTraits (0ms)
			SetupTypeCache (220ms)
			ReleaseScriptCaches (1ms)
			RebuildScriptCaches (43ms)
			SetupLoadedEditorAssemblies (331ms)
				LogAssemblyErrors (0ms)
				InitializePlatformSupportModulesInManaged (14ms)
				SetLoadedEditorAssemblies (0ms)
				RefreshPlugins (1ms)
				BeforeProcessingInitializeOnLoad (64ms)
				ProcessInitializeOnLoadAttributes (218ms)
				ProcessInitializeOnLoadMethodAttributes (24ms)
				AfterProcessingInitializeOnLoad (10ms)
				EditorAssembliesLoaded (0ms)
			ExecutionOrderSort2 (0ms)
			AwakeInstancesAfterBackupRestoration (11ms)
Platform modules already initialized, skipping
Refreshing native plugins compatible for Editor in 0.59 ms, found 4 plugins.
Preloading 0 native plugins for Editor in 0.00 ms.
Unloading 3531 Unused Serialized files (Serialized files now loaded: 0)
Unloading 26 unused Assets / (95.3 KB). Loaded Objects now: 4287.
Memory consumption went from 152.8 MB to 152.8 MB.
Total: 2.947800 ms (FindLiveObjects: 0.316100 ms CreateObjectMapping: 0.218500 ms MarkObjects: 2.380000 ms  DeleteObjects: 0.031900 ms)

AssetImportParameters requested are different than current active one (requested -> active):
  custom:video-decoder-ogg-theora: a1e56fd34408186e4bbccfd4996cb3dc -> 
  custom:container-muxer-webm: aa71ff27fc2769a1b78a27578f13a17b -> 
  custom:container-demuxer-webm: 4f35f7cbe854078d1ac9338744f61a02 -> 
  custom:video-encoder-webm-vp8: eb34c28f22e8b96e1ab97ce403110664 -> 
  custom:video-codec-MediaFoundation-h265: 746d11721c4dcdbdad8f713fa42b33f4 -> 
  custom:audio-encoder-webm-vorbis: bf7c407c2cedff20999df2af8eb42d56 -> 
  custom:framework-win-MediaFoundation: 216162199b28c13a410421893ffa2e32 -> 
  custom:container-demuxer-ogg: 62fdf1f143b41e24485cea50d1cbac27 -> 
  custom:video-decoder-webm-vp8: 9c59270c3fd7afecdb556c50c9e8de78 -> 
  custom:audio-decoder-ogg-vorbis: bf7c407c2cedff20999df2af8eb42d56 -> 
========================================================================
Received Prepare
Registering precompiled user dll's ...
Registered in 0.011836 seconds.
Begin MonoManager ReloadAssembly
Symbol file LoadedFromMemory doesn't match image C:\Users\joeyd\Desktop\MyStuff\School\Repos\Release\GDW-Game\Library\PackageCache\com.unity.visualscripting@1.7.5\Editor\VisualScripting.Core\Dependencies\YamlDotNet\Unity.VisualScripting.YamlDotNet.dll
Symbol file LoadedFromMemory doesn't match image C:\Users\joeyd\Desktop\MyStuff\School\Repos\Release\GDW-Game\Library\PackageCache\com.unity.visualscripting@1.7.5\Editor\VisualScripting.Core\Dependencies\DotNetZip\Unity.VisualScripting.IonicZip.dll
Native extension for WindowsStandalone target not found
Native extension for WebGL target not found
Refreshing native plugins compatible for Editor in 0.70 ms, found 4 plugins.
Preloading 0 native plugins for Editor in 0.00 ms.
Mono: successfully reloaded assembly
- Completed reload, in  1.036 seconds
Domain Reload Profiling:
	ReloadAssembly (1037ms)
		BeginReloadAssembly (171ms)
			ExecutionOrderSort (0ms)
			DisableScriptedObjects (6ms)
			BackupInstance (0ms)
			ReleaseScriptingObjects (0ms)
			CreateAndSetChildDomain (53ms)
		EndReloadAssembly (751ms)
			LoadAssemblies (110ms)
			RebuildTransferFunctionScriptingTraits (0ms)
			SetupTypeCache (206ms)
			ReleaseScriptCaches (1ms)
			RebuildScriptCaches (38ms)
			SetupLoadedEditorAssemblies (314ms)
				LogAssemblyErrors (0ms)
				InitializePlatformSupportModulesInManaged (15ms)
				SetLoadedEditorAssemblies (0ms)
				RefreshPlugins (1ms)
				BeforeProcessingInitializeOnLoad (60ms)
				ProcessInitializeOnLoadAttributes (205ms)
				ProcessInitializeOnLoadMethodAttributes (23ms)
				AfterProcessingInitializeOnLoad (11ms)
				EditorAssembliesLoaded (0ms)
			ExecutionOrderSort2 (0ms)
			AwakeInstancesAfterBackupRestoration (13ms)
Platform modules already initialized, skipping
Refreshing native plugins compatible for Editor in 0.65 ms, found 4 plugins.
Preloading 0 native plugins for Editor in 0.00 ms.
Unloading 3531 Unused Serialized files (Serialized files now loaded: 0)
Unloading 26 unused Assets / (95.3 KB). Loaded Objects now: 4302.
Memory consumption went from 152.9 MB to 152.8 MB.
Total: 2.608600 ms (FindLiveObjects: 0.327600 ms CreateObjectMapping: 0.211700 ms MarkObjects: 2.043300 ms  DeleteObjects: 0.025300 ms)

AssetImportParameters requested are different than current active one (requested -> active):
  custom:video-decoder-ogg-theora: a1e56fd34408186e4bbccfd4996cb3dc -> 
  custom:container-muxer-webm: aa71ff27fc2769a1b78a27578f13a17b -> 
  custom:container-demuxer-webm: 4f35f7cbe854078d1ac9338744f61a02 -> 
  custom:video-encoder-webm-vp8: eb34c28f22e8b96e1ab97ce403110664 -> 
  custom:video-codec-MediaFoundation-h265: 746d11721c4dcdbdad8f713fa42b33f4 -> 
  custom:audio-encoder-webm-vorbis: bf7c407c2cedff20999df2af8eb42d56 -> 
  custom:framework-win-MediaFoundation: 216162199b28c13a410421893ffa2e32 -> 
  custom:container-demuxer-ogg: 62fdf1f143b41e24485cea50d1cbac27 -> 
  custom:video-decoder-webm-vp8: 9c59270c3fd7afecdb556c50c9e8de78 -> 
  custom:audio-decoder-ogg-vorbis: bf7c407c2cedff20999df2af8eb42d56 -> 
========================================================================
Received Prepare
Registering precompiled user dll's ...
Registered in 0.014875 seconds.
Begin MonoManager ReloadAssembly
Symbol file LoadedFromMemory doesn't match image C:\Users\joeyd\Desktop\MyStuff\School\Repos\Release\GDW-Game\Library\PackageCache\com.unity.visualscripting@1.7.5\Editor\VisualScripting.Core\Dependencies\YamlDotNet\Unity.VisualScripting.YamlDotNet.dll
Symbol file LoadedFromMemory doesn't match image C:\Users\joeyd\Desktop\MyStuff\School\Repos\Release\GDW-Game\Library\PackageCache\com.unity.visualscripting@1.7.5\Editor\VisualScripting.Core\Dependencies\DotNetZip\Unity.VisualScripting.IonicZip.dll
Native extension for WindowsStandalone target not found
Native extension for WebGL target not found
Refreshing native plugins compatible for Editor in 1.29 ms, found 4 plugins.
Preloading 0 native plugins for Editor in 0.00 ms.
Mono: successfully reloaded assembly
- Completed reload, in  1.135 seconds
Domain Reload Profiling:
	ReloadAssembly (1136ms)
		BeginReloadAssembly (133ms)
			ExecutionOrderSort (0ms)
			DisableScriptedObjects (6ms)
			BackupInstance (0ms)
			ReleaseScriptingObjects (0ms)
			CreateAndSetChildDomain (32ms)
		EndReloadAssembly (868ms)
			LoadAssemblies (98ms)
			RebuildTransferFunctionScriptingTraits (0ms)
			SetupTypeCache (237ms)
			ReleaseScriptCaches (1ms)
			RebuildScriptCaches (49ms)
			SetupLoadedEditorAssemblies (368ms)
				LogAssemblyErrors (0ms)
				InitializePlatformSupportModulesInManaged (16ms)
				SetLoadedEditorAssemblies (0ms)
				RefreshPlugins (1ms)
				BeforeProcessingInitializeOnLoad (76ms)
				ProcessInitializeOnLoadAttributes (236ms)
				ProcessInitializeOnLoadMethodAttributes (27ms)
				AfterProcessingInitializeOnLoad (11ms)
				EditorAssembliesLoaded (0ms)
			ExecutionOrderSort2 (0ms)
			AwakeInstancesAfterBackupRestoration (12ms)
Platform modules already initialized, skipping
Refreshing native plugins compatible for Editor in 0.79 ms, found 4 plugins.
Preloading 0 native plugins for Editor in 0.00 ms.
Unloading 3531 Unused Serialized files (Serialized files now loaded: 0)
Unloading 26 unused Assets / (95.3 KB). Loaded Objects now: 4317.
Memory consumption went from 152.9 MB to 152.8 MB.
Total: 2.974800 ms (FindLiveObjects: 0.388400 ms CreateObjectMapping: 0.292100 ms MarkObjects: 2.245500 ms  DeleteObjects: 0.048100 ms)

AssetImportParameters requested are different than current active one (requested -> active):
  custom:video-decoder-ogg-theora: a1e56fd34408186e4bbccfd4996cb3dc -> 
  custom:container-muxer-webm: aa71ff27fc2769a1b78a27578f13a17b -> 
  custom:container-demuxer-webm: 4f35f7cbe854078d1ac9338744f61a02 -> 
  custom:video-encoder-webm-vp8: eb34c28f22e8b96e1ab97ce403110664 -> 
  custom:video-codec-MediaFoundation-h265: 746d11721c4dcdbdad8f713fa42b33f4 -> 
  custom:audio-encoder-webm-vorbis: bf7c407c2cedff20999df2af8eb42d56 -> 
  custom:framework-win-MediaFoundation: 216162199b28c13a410421893ffa2e32 -> 
  custom:container-demuxer-ogg: 62fdf1f143b41e24485cea50d1cbac27 -> 
  custom:video-decoder-webm-vp8: 9c59270c3fd7afecdb556c50c9e8de78 -> 
  custom:audio-decoder-ogg-vorbis: bf7c407c2cedff20999df2af8eb42d56 -> 
========================================================================
Received Import Request.
  Time since last request: 974.685926 seconds.
  path: Assets/Scenes/Main.unity
  artifactKey: Guid(9fc0d4010bbf28b4594072e72b8655ab) Importer(815301076,1909f56bfc062723c751e8b465ee728b)
Start importing Assets/Scenes/Main.unity using Guid(9fc0d4010bbf28b4594072e72b8655ab) Importer(815301076,1909f56bfc062723c751e8b465ee728b)  -> (artifact id: '1c09af03c0957d6294b322278d257ea0') in 0.027382 seconds 
========================================================================
Received Import Request.
  Time since last request: 5.785177 seconds.
  path: Assets/Objects/Materials/Particles/Materials/faeBubble.mat
  artifactKey: Guid(2c221d8d41e2d8a4aad76fcce895f5e1) Importer(815301076,1909f56bfc062723c751e8b465ee728b)
Start importing Assets/Objects/Materials/Particles/Materials/faeBubble.mat using Guid(2c221d8d41e2d8a4aad76fcce895f5e1) Importer(815301076,1909f56bfc062723c751e8b465ee728b)  -> (artifact id: 'ef56d7103551b812fb0f6e5f80d00c55') in 0.055734 seconds 
========================================================================
Received Import Request.
  Time since last request: 12.414953 seconds.
  path: Assets/Objects/Materials/Particles/Materials/goldBubble.mat
  artifactKey: Guid(79e798a5a181be84baac72f72c3cdbba) Importer(815301076,1909f56bfc062723c751e8b465ee728b)
Start importing Assets/Objects/Materials/Particles/Materials/goldBubble.mat using Guid(79e798a5a181be84baac72f72c3cdbba) Importer(815301076,1909f56bfc062723c751e8b465ee728b)  -> (artifact id: 'b610ed21366ba84f997f6d73c33b9028') in 0.017147 seconds 
========================================================================
Received Import Request.
  Time since last request: 0.001056 seconds.
  path: Assets/Objects/Materials/Particles/Materials/sadBubble.mat
  artifactKey: Guid(93ce13af2ce84884cb6b2f482f9c9e75) Importer(815301076,1909f56bfc062723c751e8b465ee728b)
Start importing Assets/Objects/Materials/Particles/Materials/sadBubble.mat using Guid(93ce13af2ce84884cb6b2f482f9c9e75) Importer(815301076,1909f56bfc062723c751e8b465ee728b)  -> (artifact id: '3029a3e1e964183cf30d17fd87d605df') in 0.019578 seconds 
========================================================================
Received Import Request.
  Time since last request: 0.000019 seconds.
  path: Assets/Objects/Materials/Particles/Materials/timeBubble.mat
  artifactKey: Guid(a2aa92c0fc364c54292283e01486de52) Importer(815301076,1909f56bfc062723c751e8b465ee728b)
Start importing Assets/Objects/Materials/Particles/Materials/timeBubble.mat using Guid(a2aa92c0fc364c54292283e01486de52) Importer(815301076,1909f56bfc062723c751e8b465ee728b)  -> (artifact id: '53585196a5fe65fe1daa34bd97e5593c') in 0.019577 seconds 
========================================================================
Received Import Request.
  Time since last request: 0.000027 seconds.
  path: Assets/Objects/Materials/Particles/Materials/truthBubble.mat
  artifactKey: Guid(abfc7285650ad49409af2ac765508fbc) Importer(815301076,1909f56bfc062723c751e8b465ee728b)
Start importing Assets/Objects/Materials/Particles/Materials/truthBubble.mat using Guid(abfc7285650ad49409af2ac765508fbc) Importer(815301076,1909f56bfc062723c751e8b465ee728b)  -> (artifact id: 'c44b179876abbe2081024f6f0a2987cf') in 0.014586 seconds 
========================================================================
Received Import Request.
  Time since last request: 0.000025 seconds.
  path: Assets/Objects/Materials/Particles/Materials/pureBubble.mat
  artifactKey: Guid(4b5f3dde7d0a95546887060f482bda10) Importer(815301076,1909f56bfc062723c751e8b465ee728b)
Start importing Assets/Objects/Materials/Particles/Materials/pureBubble.mat using Guid(4b5f3dde7d0a95546887060f482bda10) Importer(815301076,1909f56bfc062723c751e8b465ee728b)  -> (artifact id: '0c3f26a8c69a3056d5d087aef0605f1f') in 0.034449 seconds 
========================================================================
Received Import Request.
  Time since last request: 0.000017 seconds.
  path: Assets/Objects/Materials/Particles/Materials/loveBubble.mat
  artifactKey: Guid(4dacfc7d9a3310e4bb5254c0a728a613) Importer(815301076,1909f56bfc062723c751e8b465ee728b)
Start importing Assets/Objects/Materials/Particles/Materials/loveBubble.mat using Guid(4dacfc7d9a3310e4bb5254c0a728a613) Importer(815301076,1909f56bfc062723c751e8b465ee728b)  -> (artifact id: '45491706621e3ded28a87e98bb44a823') in 0.012710 seconds 
========================================================================
Received Prepare
Registering precompiled user dll's ...
Registered in 0.013069 seconds.
Begin MonoManager ReloadAssembly
Symbol file LoadedFromMemory doesn't match image C:\Users\joeyd\Desktop\MyStuff\School\Repos\Release\GDW-Game\Library\PackageCache\com.unity.visualscripting@1.7.5\Editor\VisualScripting.Core\Dependencies\YamlDotNet\Unity.VisualScripting.YamlDotNet.dll
Symbol file LoadedFromMemory doesn't match image C:\Users\joeyd\Desktop\MyStuff\School\Repos\Release\GDW-Game\Library\PackageCache\com.unity.visualscripting@1.7.5\Editor\VisualScripting.Core\Dependencies\DotNetZip\Unity.VisualScripting.IonicZip.dll
Native extension for WindowsStandalone target not found
Native extension for WebGL target not found
Refreshing native plugins compatible for Editor in 1.13 ms, found 4 plugins.
Preloading 0 native plugins for Editor in 0.00 ms.
Mono: successfully reloaded assembly
- Completed reload, in  1.193 seconds
Domain Reload Profiling:
	ReloadAssembly (1194ms)
		BeginReloadAssembly (147ms)
			ExecutionOrderSort (0ms)
			DisableScriptedObjects (6ms)
			BackupInstance (0ms)
			ReleaseScriptingObjects (0ms)
			CreateAndSetChildDomain (36ms)
		EndReloadAssembly (929ms)
			LoadAssemblies (105ms)
			RebuildTransferFunctionScriptingTraits (0ms)
			SetupTypeCache (255ms)
			ReleaseScriptCaches (1ms)
			RebuildScriptCaches (45ms)
			SetupLoadedEditorAssemblies (399ms)
				LogAssemblyErrors (0ms)
				InitializePlatformSupportModulesInManaged (16ms)
				SetLoadedEditorAssemblies (1ms)
				RefreshPlugins (1ms)
				BeforeProcessingInitializeOnLoad (73ms)
				ProcessInitializeOnLoadAttributes (265ms)
				ProcessInitializeOnLoadMethodAttributes (32ms)
				AfterProcessingInitializeOnLoad (11ms)
				EditorAssembliesLoaded (0ms)
			ExecutionOrderSort2 (0ms)
			AwakeInstancesAfterBackupRestoration (14ms)
Platform modules already initialized, skipping
Refreshing native plugins compatible for Editor in 0.72 ms, found 4 plugins.
Preloading 0 native plugins for Editor in 0.00 ms.
Unloading 3531 Unused Serialized files (Serialized files now loaded: 0)
Unloading 26 unused Assets / (95.3 KB). Loaded Objects now: 4332.
Memory consumption went from 153.0 MB to 152.9 MB.
Total: 3.015800 ms (FindLiveObjects: 0.363300 ms CreateObjectMapping: 0.244100 ms MarkObjects: 2.356200 ms  DeleteObjects: 0.051000 ms)

AssetImportParameters requested are different than current active one (requested -> active):
  custom:video-decoder-ogg-theora: a1e56fd34408186e4bbccfd4996cb3dc -> 
  custom:container-muxer-webm: aa71ff27fc2769a1b78a27578f13a17b -> 
  custom:container-demuxer-webm: 4f35f7cbe854078d1ac9338744f61a02 -> 
  custom:video-encoder-webm-vp8: eb34c28f22e8b96e1ab97ce403110664 -> 
  custom:video-codec-MediaFoundation-h265: 746d11721c4dcdbdad8f713fa42b33f4 -> 
  custom:audio-encoder-webm-vorbis: bf7c407c2cedff20999df2af8eb42d56 -> 
  custom:framework-win-MediaFoundation: 216162199b28c13a410421893ffa2e32 -> 
  custom:container-demuxer-ogg: 62fdf1f143b41e24485cea50d1cbac27 -> 
  custom:video-decoder-webm-vp8: 9c59270c3fd7afecdb556c50c9e8de78 -> 
  custom:audio-decoder-ogg-vorbis: bf7c407c2cedff20999df2af8eb42d56 -> 
Editor requested this worker to shutdown with reason: Scaling down because of idle timeout
AssetImportWorker is now disconnected from the server
Process exiting
Exiting without the bug reporter. Application will terminate with return code 0